Started GET "/" for ::1 at 2019-07-30 19:11:42 -0300
Processing by Rails::WelcomeController#index as HTML
  Rendering /Users/leandrorodrigues/.rvm/gems/ruby-2.6.3/gems/railties-5.2.3/lib/rails/templates/rails/welcome/index.html.erb
  Rendered /Users/leandrorodrigues/.rvm/gems/ruby-2.6.3/gems/railties-5.2.3/lib/rails/templates/rails/welcome/index.html.erb (3.9ms)
Completed 200 OK in 19ms (Views: 11.6ms | ActiveRecord: 0.0ms)


Started GET "/" for ::1 at 2019-07-30 19:30:54 -0300
  [1m[35m (1.1ms)[0m  [1m[34mSELECT "schema_migrations"."version" FROM "schema_migrations" ORDER BY "schema_migrations"."version" ASC[0m
  ↳ /Users/leandrorodrigues/.rvm/gems/ruby-2.6.3/gems/activerecord-5.2.3/lib/active_record/log_subscriber.rb:98
  
ActiveRecord::PendingMigrationError (

Migrations are pending. To resolve this issue, run:

        bin/rails db:migrate RAILS_ENV=development

):
  
activerecord (5.2.3) lib/active_record/migration.rb:579:in `check_pending!'
activerecord (5.2.3) lib/active_record/migration.rb:556:in `call'
actionpack (5.2.3) lib/action_dispatch/middleware/callbacks.rb:28:in `block in call'
activesupport (5.2.3) lib/active_support/callbacks.rb:98:in `run_callbacks'
actionpack (5.2.3) lib/action_dispatch/middleware/callbacks.rb:26:in `call'
actionpack (5.2.3) lib/action_dispatch/middleware/executor.rb:14:in `call'
actionpack (5.2.3) lib/action_dispatch/middleware/debug_exceptions.rb:61:in `call'
web-console (3.7.0) lib/web_console/middleware.rb:135:in `call_app'
web-console (3.7.0) lib/web_console/middleware.rb:30:in `block in call'
web-console (3.7.0) lib/web_console/middleware.rb:20:in `catch'
web-console (3.7.0) lib/web_console/middleware.rb:20:in `call'
actionpack (5.2.3) lib/action_dispatch/middleware/show_exceptions.rb:33:in `call'
railties (5.2.3) lib/rails/rack/logger.rb:38:in `call_app'
railties (5.2.3) lib/rails/rack/logger.rb:26:in `block in call'
activesupport (5.2.3) lib/active_support/tagged_logging.rb:71:in `block in tagged'
activesupport (5.2.3) lib/active_support/tagged_logging.rb:28:in `tagged'
activesupport (5.2.3) lib/active_support/tagged_logging.rb:71:in `tagged'
railties (5.2.3) lib/rails/rack/logger.rb:26:in `call'
sprockets-rails (3.2.1) lib/sprockets/rails/quiet_assets.rb:13:in `call'
actionpack (5.2.3) lib/action_dispatch/middleware/remote_ip.rb:81:in `call'
actionpack (5.2.3) lib/action_dispatch/middleware/request_id.rb:27:in `call'
rack (2.0.7) lib/rack/method_override.rb:22:in `call'
rack (2.0.7) lib/rack/runtime.rb:22:in `call'
activesupport (5.2.3) lib/active_support/cache/strategy/local_cache_middleware.rb:29:in `call'
actionpack (5.2.3) lib/action_dispatch/middleware/executor.rb:14:in `call'
actionpack (5.2.3) lib/action_dispatch/middleware/static.rb:127:in `call'
rack (2.0.7) lib/rack/sendfile.rb:111:in `call'
railties (5.2.3) lib/rails/engine.rb:524:in `call'
puma (3.12.1) lib/puma/configuration.rb:227:in `call'
puma (3.12.1) lib/puma/server.rb:660:in `handle_request'
puma (3.12.1) lib/puma/server.rb:474:in `process_client'
puma (3.12.1) lib/puma/server.rb:334:in `block in run'
puma (3.12.1) lib/puma/thread_pool.rb:135:in `block in spawn_thread'
  [1m[35m (0.6ms)[0m  [1m[34mSELECT "schema_migrations"."version" FROM "schema_migrations" ORDER BY "schema_migrations"."version" ASC[0m
  ↳ /Users/leandrorodrigues/.rvm/gems/ruby-2.6.3/bin/rake:23
  [1m[35m (2.2ms)[0m  [1m[34mSELECT "ar_internal_metadata"."value" FROM "ar_internal_metadata" WHERE "ar_internal_metadata"."key" = $1[0m  [["key", "environment"]]
  ↳ /Users/leandrorodrigues/.rvm/gems/ruby-2.6.3/bin/rake:23
  [1m[35m (1.5ms)[0m  [1m[34mSELECT "schema_migrations"."version" FROM "schema_migrations" ORDER BY "schema_migrations"."version" ASC[0m
  ↳ /Users/leandrorodrigues/.rvm/gems/ruby-2.6.3/bin/rake:23
  [1m[35m (0.2ms)[0m  [1m[34mSELECT "ar_internal_metadata"."value" FROM "ar_internal_metadata" WHERE "ar_internal_metadata"."key" = $1[0m  [["key", "environment"]]
  ↳ /Users/leandrorodrigues/.rvm/gems/ruby-2.6.3/bin/rake:23
  [1m[35m (0.3ms)[0m  [1m[34mSELECT "schema_migrations"."version" FROM "schema_migrations" ORDER BY "schema_migrations"."version" ASC[0m
  ↳ /Users/leandrorodrigues/.rvm/gems/ruby-2.6.3/bin/rake:23
  [1m[35m (0.4ms)[0m  [1m[34mSELECT "ar_internal_metadata"."value" FROM "ar_internal_metadata" WHERE "ar_internal_metadata"."key" = $1[0m  [["key", "environment"]]
  ↳ /Users/leandrorodrigues/.rvm/gems/ruby-2.6.3/bin/rake:23
  [1m[35m (221.2ms)[0m  [1m[35mDROP DATABASE IF EXISTS "contact_to_sale_development"[0m
  ↳ /Users/leandrorodrigues/.rvm/gems/ruby-2.6.3/bin/rake:23
  [1m[35m (217.8ms)[0m  [1m[35mDROP DATABASE IF EXISTS "contact_to_sale_test"[0m
  ↳ /Users/leandrorodrigues/.rvm/gems/ruby-2.6.3/bin/rake:23
  [1m[35m (672.6ms)[0m  [1m[35mCREATE DATABASE "contact_to_sale_development" ENCODING = 'unicode'[0m
  ↳ /Users/leandrorodrigues/.rvm/gems/ruby-2.6.3/bin/rake:23
  [1m[35m (569.0ms)[0m  [1m[35mCREATE DATABASE "contact_to_sale_test" ENCODING = 'unicode'[0m
  ↳ /Users/leandrorodrigues/.rvm/gems/ruby-2.6.3/bin/rake:23
  [1m[35m (7.9ms)[0m  [1m[35mCREATE TABLE "schema_migrations" ("version" character varying NOT NULL PRIMARY KEY)[0m
  ↳ /Users/leandrorodrigues/.rvm/gems/ruby-2.6.3/bin/rake:23
  [1m[35m (4.3ms)[0m  [1m[35mCREATE TABLE "ar_internal_metadata" ("key" character varying NOT NULL PRIMARY KEY, "value" character varying, "created_at" timestamp NOT NULL, "updated_at" timestamp NOT NULL)[0m
  ↳ /Users/leandrorodrigues/.rvm/gems/ruby-2.6.3/bin/rake:23
  [1m[35m (0.5ms)[0m  [1m[34mSELECT pg_try_advisory_lock(7379544161725875720)[0m
  ↳ /Users/leandrorodrigues/.rvm/gems/ruby-2.6.3/bin/rake:23
  [1m[35m (0.5ms)[0m  [1m[34mSELECT "schema_migrations"."version" FROM "schema_migrations" ORDER BY "schema_migrations"."version" ASC[0m
  ↳ /Users/leandrorodrigues/.rvm/gems/ruby-2.6.3/bin/rake:23
Migrating to CreateReceiveEmails (20190730222942)
  [1m[35m (0.2ms)[0m  [1m[35mBEGIN[0m
  ↳ /Users/leandrorodrigues/.rvm/gems/ruby-2.6.3/bin/rake:23
  [1m[35m (48.5ms)[0m  [1m[35mCREATE TABLE "receive_emails" ("id" bigserial primary key, "name" character varying, "phone" character varying, "message" character varying, "vehicle" character varying, "price" character varying, "year" character varying, "link_vehicle" character varying, "brand_behicle" character varying, "model_vehicle" character varying, "kilometer_vehicle" character varying, "accessories_vehicle" character varying, "created_at" timestamp NOT NULL, "updated_at" timestamp NOT NULL)[0m
  ↳ db/migrate/20190730222942_create_receive_emails.rb:3
  [1m[36mActiveRecord::SchemaMigration Create (1.9ms)[0m  [1m[32mINSERT INTO "schema_migrations" ("version") VALUES ($1) RETURNING "version"[0m  [["version", "20190730222942"]]
  ↳ /Users/leandrorodrigues/.rvm/gems/ruby-2.6.3/bin/rake:23
  [1m[35m (0.4ms)[0m  [1m[35mCOMMIT[0m
  ↳ /Users/leandrorodrigues/.rvm/gems/ruby-2.6.3/bin/rake:23
  [1m[36mActiveRecord::InternalMetadata Load (0.5ms)[0m  [1m[34mSELECT  "ar_internal_metadata".* FROM "ar_internal_metadata" WHERE "ar_internal_metadata"."key" = $1 LIMIT $2[0m  [["key", "environment"], ["LIMIT", 1]]
  ↳ /Users/leandrorodrigues/.rvm/gems/ruby-2.6.3/bin/rake:23
  [1m[35m (0.2ms)[0m  [1m[35mBEGIN[0m
  ↳ /Users/leandrorodrigues/.rvm/gems/ruby-2.6.3/bin/rake:23
  [1m[36mActiveRecord::InternalMetadata Create (1.0ms)[0m  [1m[32mINSERT INTO "ar_internal_metadata" ("key", "value", "created_at", "updated_at") VALUES ($1, $2, $3, $4) RETURNING "key"[0m  [["key", "environment"], ["value", "development"], ["created_at", "2019-07-30 22:31:43.425202"], ["updated_at", "2019-07-30 22:31:43.425202"]]
  ↳ /Users/leandrorodrigues/.rvm/gems/ruby-2.6.3/bin/rake:23
  [1m[35m (0.2ms)[0m  [1m[35mCOMMIT[0m
  ↳ /Users/leandrorodrigues/.rvm/gems/ruby-2.6.3/bin/rake:23
  [1m[35m (0.2ms)[0m  [1m[34mSELECT pg_advisory_unlock(7379544161725875720)[0m
  ↳ /Users/leandrorodrigues/.rvm/gems/ruby-2.6.3/bin/rake:23
  [1m[35m (0.2ms)[0m  [1m[34mSELECT "schema_migrations"."version" FROM "schema_migrations" ORDER BY "schema_migrations"."version" ASC[0m
  ↳ /Users/leandrorodrigues/.rvm/gems/ruby-2.6.3/bin/rake:23
Started GET "/" for ::1 at 2019-07-30 19:31:47 -0300
  [1m[35m (0.5ms)[0m  [1m[34mSELECT "schema_migrations"."version" FROM "schema_migrations" ORDER BY "schema_migrations"."version" ASC[0m
  ↳ /Users/leandrorodrigues/.rvm/gems/ruby-2.6.3/gems/activerecord-5.2.3/lib/active_record/log_subscriber.rb:98
Processing by ReceiveEmailsController#index as HTML
  Rendering receive_emails/index.html.erb within layouts/application
  [1m[36mReceiveEmail Load (0.5ms)[0m  [1m[34mSELECT "receive_emails".* FROM "receive_emails"[0m
  ↳ app/views/receive_emails/index.html.erb:24
  Rendered receive_emails/index.html.erb within layouts/application (7.6ms)
Completed 200 OK in 2092ms (Views: 2085.3ms | ActiveRecord: 1.6ms)


Started GET "/" for ::1 at 2019-07-30 19:31:51 -0300
Processing by ReceiveEmailsController#index as HTML
  Rendering receive_emails/index.html.erb within layouts/application
  [1m[36mReceiveEmail Load (0.7ms)[0m  [1m[34mSELECT "receive_emails".* FROM "receive_emails"[0m
  ↳ app/views/receive_emails/index.html.erb:24
  Rendered receive_emails/index.html.erb within layouts/application (2.3ms)
Completed 200 OK in 34ms (Views: 32.7ms | ActiveRecord: 0.7ms)


Started GET "/" for ::1 at 2019-07-30 19:33:18 -0300
Processing by ReceiveEmailsController#index as HTML
  Rendering receive_emails/index.html.erb within layouts/application
  [1m[36mReceiveEmail Load (0.4ms)[0m  [1m[34mSELECT "receive_emails".* FROM "receive_emails"[0m
  ↳ app/views/receive_emails/index.html.erb:22
  Rendered receive_emails/index.html.erb within layouts/application (1.6ms)
Completed 200 OK in 45ms (Views: 44.1ms | ActiveRecord: 0.4ms)


Started GET "/" for ::1 at 2019-07-30 19:33:19 -0300
Processing by ReceiveEmailsController#index as HTML
  Rendering receive_emails/index.html.erb within layouts/application
  [1m[36mReceiveEmail Load (0.4ms)[0m  [1m[34mSELECT "receive_emails".* FROM "receive_emails"[0m
  ↳ app/views/receive_emails/index.html.erb:22
  Rendered receive_emails/index.html.erb within layouts/application (1.8ms)
Completed 200 OK in 40ms (Views: 38.7ms | ActiveRecord: 0.4ms)


Started GET "/" for ::1 at 2019-07-30 19:33:20 -0300
Processing by ReceiveEmailsController#index as HTML
  Rendering receive_emails/index.html.erb within layouts/application
  [1m[36mReceiveEmail Load (0.4ms)[0m  [1m[34mSELECT "receive_emails".* FROM "receive_emails"[0m
  ↳ app/views/receive_emails/index.html.erb:22
  Rendered receive_emails/index.html.erb within layouts/application (1.8ms)
Completed 200 OK in 31ms (Views: 29.8ms | ActiveRecord: 0.4ms)


Started GET "/" for ::1 at 2019-07-30 19:33:20 -0300
Processing by ReceiveEmailsController#index as HTML
  Rendering receive_emails/index.html.erb within layouts/application
  [1m[36mReceiveEmail Load (0.3ms)[0m  [1m[34mSELECT "receive_emails".* FROM "receive_emails"[0m
  ↳ app/views/receive_emails/index.html.erb:22
  Rendered receive_emails/index.html.erb within layouts/application (1.4ms)
Completed 200 OK in 28ms (Views: 27.5ms | ActiveRecord: 0.3ms)


Started GET "/" for ::1 at 2019-07-30 19:33:26 -0300
Processing by ReceiveEmailsController#index as HTML
  Rendering receive_emails/index.html.erb within layouts/application
  [1m[36mReceiveEmail Load (0.3ms)[0m  [1m[34mSELECT "receive_emails".* FROM "receive_emails"[0m
  ↳ app/views/receive_emails/index.html.erb:22
  Rendered receive_emails/index.html.erb within layouts/application (1.4ms)
Completed 200 OK in 46ms (Views: 45.0ms | ActiveRecord: 0.3ms)


Started GET "/" for ::1 at 2019-07-30 19:33:50 -0300
Processing by ReceiveEmailsController#index as HTML
  Rendering receive_emails/index.html.erb within layouts/application
  [1m[36mReceiveEmail Load (0.3ms)[0m  [1m[34mSELECT "receive_emails".* FROM "receive_emails"[0m
  ↳ app/views/receive_emails/index.html.erb:22
  Rendered receive_emails/index.html.erb within layouts/application (1.6ms)
Completed 200 OK in 210ms (Views: 209.4ms | ActiveRecord: 0.3ms)


Started GET "/" for ::1 at 2019-07-30 19:35:04 -0300
  [1m[35m (0.5ms)[0m  [1m[34mSELECT "schema_migrations"."version" FROM "schema_migrations" ORDER BY "schema_migrations"."version" ASC[0m
  ↳ /Users/leandrorodrigues/.rvm/gems/ruby-2.6.3/gems/activerecord-5.2.3/lib/active_record/log_subscriber.rb:98
Processing by ReceiveEmailsController#index as HTML
  Rendering receive_emails/index.html.erb within layouts/application
  [1m[36mReceiveEmail Load (0.5ms)[0m  [1m[34mSELECT "receive_emails".* FROM "receive_emails"[0m
  ↳ app/views/receive_emails/index.html.erb:22
  Rendered receive_emails/index.html.erb within layouts/application (3.8ms)
Completed 200 OK in 439ms (Views: 435.6ms | ActiveRecord: 1.6ms)


Started GET "/" for ::1 at 2019-07-30 19:35:05 -0300
Processing by ReceiveEmailsController#index as HTML
  Rendering receive_emails/index.html.erb within layouts/application
  [1m[36mReceiveEmail Load (0.2ms)[0m  [1m[34mSELECT "receive_emails".* FROM "receive_emails"[0m
  ↳ app/views/receive_emails/index.html.erb:22
  Rendered receive_emails/index.html.erb within layouts/application (1.5ms)
Completed 200 OK in 36ms (Views: 35.5ms | ActiveRecord: 0.2ms)


Started GET "/" for ::1 at 2019-07-30 19:35:06 -0300
Processing by ReceiveEmailsController#index as HTML
  Rendering receive_emails/index.html.erb within layouts/application
  [1m[36mReceiveEmail Load (0.2ms)[0m  [1m[34mSELECT "receive_emails".* FROM "receive_emails"[0m
  ↳ app/views/receive_emails/index.html.erb:22
  Rendered receive_emails/index.html.erb within layouts/application (1.4ms)
Completed 200 OK in 39ms (Views: 38.0ms | ActiveRecord: 0.2ms)


Started GET "/" for ::1 at 2019-07-30 19:35:08 -0300
Processing by ReceiveEmailsController#index as HTML
  Rendering receive_emails/index.html.erb within layouts/application
  [1m[36mReceiveEmail Load (0.2ms)[0m  [1m[34mSELECT "receive_emails".* FROM "receive_emails"[0m
  ↳ app/views/receive_emails/index.html.erb:22
  Rendered receive_emails/index.html.erb within layouts/application (1.5ms)
Completed 200 OK in 38ms (Views: 37.5ms | ActiveRecord: 0.2ms)


Started GET "/" for ::1 at 2019-07-30 19:35:26 -0300
  [1m[35m (0.5ms)[0m  [1m[34mSELECT "schema_migrations"."version" FROM "schema_migrations" ORDER BY "schema_migrations"."version" ASC[0m
  ↳ /Users/leandrorodrigues/.rvm/gems/ruby-2.6.3/gems/activerecord-5.2.3/lib/active_record/log_subscriber.rb:98
Processing by ReceiveEmailsController#index as HTML
  Rendering receive_emails/index.html.erb within layouts/application
  [1m[36mReceiveEmail Load (0.5ms)[0m  [1m[34mSELECT "receive_emails".* FROM "receive_emails"[0m
  ↳ app/views/receive_emails/index.html.erb:22
  Rendered receive_emails/index.html.erb within layouts/application (4.3ms)
Completed 200 OK in 341ms (Views: 337.4ms | ActiveRecord: 2.0ms)


Started GET "/" for ::1 at 2019-07-30 19:36:26 -0300
Processing by ReceiveEmailsController#index as HTML
  Rendering receive_emails/index.html.erb within layouts/application
  [1m[36mReceiveEmail Load (0.3ms)[0m  [1m[34mSELECT "receive_emails".* FROM "receive_emails"[0m
  ↳ app/views/receive_emails/index.html.erb:22
  Rendered receive_emails/index.html.erb within layouts/application (1.5ms)
Completed 500 Internal Server Error in 21ms (ActiveRecord: 0.3ms)


  
ActionView::Template::Error (couldn't find file 'font-awesome' with type 'text/css'
Checked in these paths: 
  /Users/leandrorodrigues/Desktop/contact_to_sale/app/assets/config
  /Users/leandrorodrigues/Desktop/contact_to_sale/app/assets/images
  /Users/leandrorodrigues/Desktop/contact_to_sale/app/assets/javascripts
  /Users/leandrorodrigues/Desktop/contact_to_sale/app/assets/stylesheets
  /Users/leandrorodrigues/.rvm/gems/ruby-2.6.3/gems/jquery-datatables-rails-3.4.0/app/assets/images
  /Users/leandrorodrigues/.rvm/gems/ruby-2.6.3/gems/jquery-datatables-rails-3.4.0/app/assets/javascripts
  /Users/leandrorodrigues/.rvm/gems/ruby-2.6.3/gems/jquery-datatables-rails-3.4.0/app/assets/media
  /Users/leandrorodrigues/.rvm/gems/ruby-2.6.3/gems/jquery-datatables-rails-3.4.0/app/assets/stylesheets
  /Users/leandrorodrigues/.rvm/gems/ruby-2.6.3/gems/jquery-rails-4.3.5/vendor/assets/javascripts
  /Users/leandrorodrigues/.rvm/gems/ruby-2.6.3/gems/activestorage-5.2.3/app/assets/javascripts
  /Users/leandrorodrigues/.rvm/gems/ruby-2.6.3/gems/actionview-5.2.3/lib/assets/compiled
  /Users/leandrorodrigues/Desktop/contact_to_sale/node_modules
  /Users/leandrorodrigues/.rvm/gems/ruby-2.6.3/gems/popper_js-1.14.5/assets/javascripts
  /Users/leandrorodrigues/.rvm/gems/ruby-2.6.3/gems/bootstrap-4.3.1/assets/stylesheets
  /Users/leandrorodrigues/.rvm/gems/ruby-2.6.3/gems/bootstrap-4.3.1/assets/javascripts):
     5:     <%= csrf_meta_tags %>
     6:     <%= csp_meta_tag %>
     7: 
     8:     <%= stylesheet_link_tag    'application', media: 'all' %>
     9:     <%= javascript_include_tag 'application' %>
    10:   </head>
    11: 
  
app/assets/stylesheets/application.scss:14
app/views/layouts/application.html.erb:8:in `_app_views_layouts_application_html_erb__3136014608105445018_70102362905440'
Started GET "/" for ::1 at 2019-07-30 19:36:55 -0300
  [1m[35m (0.5ms)[0m  [1m[34mSELECT "schema_migrations"."version" FROM "schema_migrations" ORDER BY "schema_migrations"."version" ASC[0m
  ↳ /Users/leandrorodrigues/.rvm/gems/ruby-2.6.3/gems/activerecord-5.2.3/lib/active_record/log_subscriber.rb:98
Processing by ReceiveEmailsController#index as HTML
  Rendering receive_emails/index.html.erb within layouts/application
  [1m[36mReceiveEmail Load (0.5ms)[0m  [1m[34mSELECT "receive_emails".* FROM "receive_emails"[0m
  ↳ app/views/receive_emails/index.html.erb:22
  Rendered receive_emails/index.html.erb within layouts/application (4.3ms)
Completed 500 Internal Server Error in 153ms (ActiveRecord: 1.6ms)


  
ActionView::Template::Error (couldn't find file 'font-awesome' with type 'text/css'
Checked in these paths: 
  /Users/leandrorodrigues/Desktop/contact_to_sale/app/assets/config
  /Users/leandrorodrigues/Desktop/contact_to_sale/app/assets/images
  /Users/leandrorodrigues/Desktop/contact_to_sale/app/assets/javascripts
  /Users/leandrorodrigues/Desktop/contact_to_sale/app/assets/stylesheets
  /Users/leandrorodrigues/.rvm/gems/ruby-2.6.3/gems/jquery-datatables-rails-3.4.0/app/assets/images
  /Users/leandrorodrigues/.rvm/gems/ruby-2.6.3/gems/jquery-datatables-rails-3.4.0/app/assets/javascripts
  /Users/leandrorodrigues/.rvm/gems/ruby-2.6.3/gems/jquery-datatables-rails-3.4.0/app/assets/media
  /Users/leandrorodrigues/.rvm/gems/ruby-2.6.3/gems/jquery-datatables-rails-3.4.0/app/assets/stylesheets
  /Users/leandrorodrigues/.rvm/gems/ruby-2.6.3/gems/jquery-rails-4.3.5/vendor/assets/javascripts
  /Users/leandrorodrigues/.rvm/gems/ruby-2.6.3/gems/activestorage-5.2.3/app/assets/javascripts
  /Users/leandrorodrigues/.rvm/gems/ruby-2.6.3/gems/actionview-5.2.3/lib/assets/compiled
  /Users/leandrorodrigues/Desktop/contact_to_sale/node_modules
  /Users/leandrorodrigues/.rvm/gems/ruby-2.6.3/gems/popper_js-1.14.5/assets/javascripts
  /Users/leandrorodrigues/.rvm/gems/ruby-2.6.3/gems/bootstrap-4.3.1/assets/stylesheets
  /Users/leandrorodrigues/.rvm/gems/ruby-2.6.3/gems/bootstrap-4.3.1/assets/javascripts):
     5:     <%= csrf_meta_tags %>
     6:     <%= csp_meta_tag %>
     7: 
     8:     <%= stylesheet_link_tag    'application', media: 'all' %>
     9:     <%= javascript_include_tag 'application' %>
    10:   </head>
    11: 
  
app/assets/stylesheets/application.scss:14
app/views/layouts/application.html.erb:8:in `_app_views_layouts_application_html_erb__75195972210815260_70262340237700'
Started GET "/" for ::1 at 2019-07-30 19:38:15 -0300
Processing by ReceiveEmailsController#index as HTML
  Rendering receive_emails/index.html.erb within layouts/application
  [1m[36mReceiveEmail Load (0.3ms)[0m  [1m[34mSELECT "receive_emails".* FROM "receive_emails"[0m
  ↳ app/views/receive_emails/index.html.erb:22
  Rendered receive_emails/index.html.erb within layouts/application (1.5ms)
Completed 500 Internal Server Error in 20ms (ActiveRecord: 0.3ms)


  
ActionView::Template::Error (Error: File to import not found or unreadable: font-awesome.
        on line 19 of app/assets/stylesheets/application.scss
>>  @import "font-awesome";

   -^
):
     5:     <%= csrf_meta_tags %>
     6:     <%= csp_meta_tag %>
     7: 
     8:     <%= stylesheet_link_tag    'application', media: 'all' %>
     9:     <%= javascript_include_tag 'application' %>
    10:   </head>
    11: 
  
app/assets/stylesheets/application.scss:19
app/views/layouts/application.html.erb:8:in `_app_views_layouts_application_html_erb__75195972210815260_70262360888240'
Started GET "/" for ::1 at 2019-07-30 19:38:17 -0300
Processing by ReceiveEmailsController#index as HTML
  Rendering receive_emails/index.html.erb within layouts/application
  [1m[36mReceiveEmail Load (0.3ms)[0m  [1m[34mSELECT "receive_emails".* FROM "receive_emails"[0m
  ↳ app/views/receive_emails/index.html.erb:22
  Rendered receive_emails/index.html.erb within layouts/application (1.4ms)
Completed 500 Internal Server Error in 9ms (ActiveRecord: 0.3ms)


  
ActionView::Template::Error (Error: File to import not found or unreadable: font-awesome.
        on line 19 of app/assets/stylesheets/application.scss
>>  @import "font-awesome";

   -^
):
     5:     <%= csrf_meta_tags %>
     6:     <%= csp_meta_tag %>
     7: 
     8:     <%= stylesheet_link_tag    'application', media: 'all' %>
     9:     <%= javascript_include_tag 'application' %>
    10:   </head>
    11: 
  
app/assets/stylesheets/application.scss:19
app/views/layouts/application.html.erb:8:in `_app_views_layouts_application_html_erb__75195972210815260_70262315769060'
Started GET "/" for ::1 at 2019-07-30 19:38:29 -0300
Processing by ReceiveEmailsController#index as HTML
  Rendering receive_emails/index.html.erb within layouts/application
  [1m[36mReceiveEmail Load (0.4ms)[0m  [1m[34mSELECT "receive_emails".* FROM "receive_emails"[0m
  ↳ app/views/receive_emails/index.html.erb:22
  Rendered receive_emails/index.html.erb within layouts/application (1.9ms)
Completed 500 Internal Server Error in 10ms (ActiveRecord: 0.4ms)


  
ActionView::Template::Error (couldn't find file 'font-awesome' with type 'text/css'
Checked in these paths: 
  /Users/leandrorodrigues/Desktop/contact_to_sale/app/assets/config
  /Users/leandrorodrigues/Desktop/contact_to_sale/app/assets/images
  /Users/leandrorodrigues/Desktop/contact_to_sale/app/assets/javascripts
  /Users/leandrorodrigues/Desktop/contact_to_sale/app/assets/stylesheets
  /Users/leandrorodrigues/.rvm/gems/ruby-2.6.3/gems/jquery-datatables-rails-3.4.0/app/assets/images
  /Users/leandrorodrigues/.rvm/gems/ruby-2.6.3/gems/jquery-datatables-rails-3.4.0/app/assets/javascripts
  /Users/leandrorodrigues/.rvm/gems/ruby-2.6.3/gems/jquery-datatables-rails-3.4.0/app/assets/media
  /Users/leandrorodrigues/.rvm/gems/ruby-2.6.3/gems/jquery-datatables-rails-3.4.0/app/assets/stylesheets
  /Users/leandrorodrigues/.rvm/gems/ruby-2.6.3/gems/jquery-rails-4.3.5/vendor/assets/javascripts
  /Users/leandrorodrigues/.rvm/gems/ruby-2.6.3/gems/activestorage-5.2.3/app/assets/javascripts
  /Users/leandrorodrigues/.rvm/gems/ruby-2.6.3/gems/actionview-5.2.3/lib/assets/compiled
  /Users/leandrorodrigues/Desktop/contact_to_sale/node_modules
  /Users/leandrorodrigues/.rvm/gems/ruby-2.6.3/gems/popper_js-1.14.5/assets/javascripts
  /Users/leandrorodrigues/.rvm/gems/ruby-2.6.3/gems/bootstrap-4.3.1/assets/stylesheets
  /Users/leandrorodrigues/.rvm/gems/ruby-2.6.3/gems/bootstrap-4.3.1/assets/javascripts):
     5:     <%= csrf_meta_tags %>
     6:     <%= csp_meta_tag %>
     7: 
     8:     <%= stylesheet_link_tag    'application', media: 'all' %>
     9:     <%= javascript_include_tag 'application' %>
    10:   </head>
    11: 
  
app/assets/stylesheets/application.scss:14
app/views/layouts/application.html.erb:8:in `_app_views_layouts_application_html_erb__75195972210815260_70262361738900'
Started GET "/" for ::1 at 2019-07-30 19:38:36 -0300
Processing by ReceiveEmailsController#index as HTML
  Rendering receive_emails/index.html.erb within layouts/application
  [1m[36mReceiveEmail Load (0.3ms)[0m  [1m[34mSELECT "receive_emails".* FROM "receive_emails"[0m
  ↳ app/views/receive_emails/index.html.erb:22
  Rendered receive_emails/index.html.erb within layouts/application (1.5ms)
Completed 200 OK in 1972ms (Views: 1971.3ms | ActiveRecord: 0.3ms)


Started GET "/" for ::1 at 2019-07-30 19:40:00 -0300
  [1m[35m (0.5ms)[0m  [1m[34mSELECT "schema_migrations"."version" FROM "schema_migrations" ORDER BY "schema_migrations"."version" ASC[0m
  ↳ /Users/leandrorodrigues/.rvm/gems/ruby-2.6.3/gems/activerecord-5.2.3/lib/active_record/log_subscriber.rb:98
Processing by ReceiveEmailsController#index as HTML
  Rendering receive_emails/index.html.erb within layouts/application
  [1m[36mReceiveEmail Load (0.5ms)[0m  [1m[34mSELECT "receive_emails".* FROM "receive_emails"[0m
  ↳ app/views/receive_emails/index.html.erb:22
  Rendered receive_emails/index.html.erb within layouts/application (4.3ms)
Completed 200 OK in 2657ms (Views: 2652.7ms | ActiveRecord: 1.9ms)


Started GET "/" for ::1 at 2019-07-30 19:40:03 -0300
Processing by ReceiveEmailsController#index as HTML
  Rendering receive_emails/index.html.erb within layouts/application
  [1m[36mReceiveEmail Load (0.5ms)[0m  [1m[34mSELECT "receive_emails".* FROM "receive_emails"[0m
  ↳ app/views/receive_emails/index.html.erb:22
  Rendered receive_emails/index.html.erb within layouts/application (2.1ms)
Completed 200 OK in 83ms (Views: 81.8ms | ActiveRecord: 0.5ms)


Started GET "/receive_emails/new" for ::1 at 2019-07-30 19:40:06 -0300
Processing by ReceiveEmailsController#new as HTML
  Rendering receive_emails/new.html.erb within layouts/application
  Rendered receive_emails/_form.html.erb (38.6ms)
  Rendered receive_emails/new.html.erb within layouts/application (40.0ms)
Completed 200 OK in 106ms (Views: 78.4ms | ActiveRecord: 4.4ms)


Started GET "/" for ::1 at 2019-07-30 19:40:08 -0300
Processing by ReceiveEmailsController#index as HTML
  Rendering receive_emails/index.html.erb within layouts/application
  [1m[36mReceiveEmail Load (0.2ms)[0m  [1m[34mSELECT "receive_emails".* FROM "receive_emails"[0m
  ↳ app/views/receive_emails/index.html.erb:22
  Rendered receive_emails/index.html.erb within layouts/application (1.3ms)
Completed 200 OK in 38ms (Views: 37.3ms | ActiveRecord: 0.2ms)


